{
  "iteration_id": "iteration_20251021_145959",
  "timestamp": "2025-10-21T14:59:59.463496",
  "overall_status": "REWORK_REQUIRED",
  "success_criteria": {
    "status": "ERROR",
    "message": "Verification failed: 2025-10-21 14:59:59,617 - INFO - \\U0001f50d Starting success criteria verification...\n2025-10-21 14:59:59,618 - INFO - Checking HIPAA compliance...\n2025-10-21 14:59:59,762 - INFO - Checking HEDIS alignment...\n2025-10-21 14:59:59,792 - INFO - Checking model performance...\n2025-10-21 14:59:59,805 - INFO - Checking code quality...\n2025-10-21 14:59:59,813 - INFO - Checking testing coverage...\n2025-10-21 14:59:59,939 - INFO - Checking documentation...\n2025-10-21 14:59:59,941 - INFO - Checking security standards...\n2025-10-21 14:59:59,984 - INFO - \\u2705 Success criteria verification complete: FAIL\nTraceback (most recent call last):\n  File \"C:\\Users\\reich\\Projects\\hedis-gsd-prediction-engine\\scripts\\verify-success-criteria.py\", line 707, in <module>\n    main()\n    ~~~~^^\n  File \"C:\\Users\\reich\\Projects\\hedis-gsd-prediction-engine\\scripts\\verify-success-criteria.py\", line 686, in main\n    print(report)\n    ~~~~~^^^^^^^^\n  File \"C:\\Users\\reich\\AppData\\Local\\Programs\\Python\\Python313\\Lib\\encodings\\cp1252.py\", line 19, in encode\n    return codecs.charmap_encode(input,self.errors,encoding_table)[0]\n           ~~~~~~~~~~~~~~~~~~~~~^^^^^^^^^^^^^^^^^^^^^^^^^^^^^^^^^^\nUnicodeEncodeError: 'charmap' codec can't encode character '\\u274c' in position 203: character maps to <undefined>\n",
    "returncode": 1
  },
  "testing_verification": {
    "status": "ERROR",
    "message": "Verification failed: 2025-10-21 15:00:00,181 - INFO - \\U0001f9ea Starting comprehensive testing verification...\n2025-10-21 15:00:00,181 - INFO - Checking test structure...\n2025-10-21 15:00:00,183 - INFO - Checking test coverage...\n2025-10-21 15:00:00,272 - INFO - Checking test quality...\n2025-10-21 15:00:00,278 - INFO - Checking test execution...\n2025-10-21 15:00:00,398 - INFO - Checking test data management...\n2025-10-21 15:00:00,403 - INFO - Checking healthcare-specific tests...\n2025-10-21 15:00:00,408 - INFO - Checking integration tests...\n2025-10-21 15:00:00,413 - INFO - Checking performance tests...\n2025-10-21 15:00:00,418 - INFO - \\u2705 Testing verification complete: FAIL\nTraceback (most recent call last):\n  File \"C:\\Users\\reich\\Projects\\hedis-gsd-prediction-engine\\scripts\\verify-testing.py\", line 653, in <module>\n    main()\n    ~~~~^^\n  File \"C:\\Users\\reich\\Projects\\hedis-gsd-prediction-engine\\scripts\\verify-testing.py\", line 632, in main\n    print(report)\n    ~~~~~^^^^^^^^\n  File \"C:\\Users\\reich\\AppData\\Local\\Programs\\Python\\Python313\\Lib\\encodings\\cp1252.py\", line 19, in encode\n    return codecs.charmap_encode(input,self.errors,encoding_table)[0]\n           ~~~~~~~~~~~~~~~~~~~~~^^^^^^^^^^^^^^^^^^^^^^^^^^^^^^^^^^\nUnicodeEncodeError: 'charmap' codec can't encode character '\\u274c' in position 194: character maps to <undefined>\n",
    "returncode": 1
  },
  "approval_status": "REWORK",
  "rework_required": [],
  "recommendations": [
    "\u274c Iteration REQUIRES REWORK - Fix critical issues before proceeding"
  ]
}