<?xml version="1.0" ?>
<coverage version="7.11.0" timestamp="1762568766521" lines-valid="360" lines-covered="212" line-rate="0.5889" branches-covered="0" branches-valid="0" branch-rate="0" complexity="0">
	<!-- Generated by coverage.py: https://coverage.readthedocs.io/en/7.11.0 -->
	<!-- Based on https://raw.githubusercontent.com/cobertura/web/master/htdocs/xml/coverage-04.dtd -->
	<sources>
		<source>C:\Users\reich\Projects\HEDIS-MA-Top-12-w-HEI-Prep</source>
	</sources>
	<packages>
		<package name="project.src.data" line-rate="0.5889" branch-rate="0" complexity="0">
			<classes>
				<class name="__init__.py" filename="project/src/data/__init__.py" complexity="0" line-rate="1" branch-rate="0">
					<methods/>
					<lines>
						<line number="11" hits="1"/>
						<line number="12" hits="1"/>
					</lines>
				</class>
				<class name="kpi_engine.py" filename="project/src/data/kpi_engine.py" complexity="0" line-rate="0.5866" branch-rate="0">
					<methods/>
					<lines>
						<line number="11" hits="1"/>
						<line number="13" hits="1"/>
						<line number="14" hits="1"/>
						<line number="15" hits="1"/>
						<line number="17" hits="1"/>
						<line number="18" hits="1"/>
						<line number="20" hits="1"/>
						<line number="28" hits="1"/>
						<line number="30" hits="0"/>
						<line number="31" hits="0"/>
						<line number="32" hits="0"/>
						<line number="35" hits="1"/>
						<line number="37" hits="1"/>
						<line number="38" hits="0"/>
						<line number="39" hits="1"/>
						<line number="42" hits="1"/>
						<line number="44" hits="1"/>
						<line number="45" hits="1"/>
						<line number="47" hits="0"/>
						<line number="48" hits="0"/>
						<line number="49" hits="0"/>
						<line number="50" hits="0"/>
						<line number="52" hits="0"/>
						<line number="53" hits="0"/>
						<line number="56" hits="1"/>
						<line number="58" hits="1"/>
						<line number="59" hits="0"/>
						<line number="60" hits="1"/>
						<line number="61" hits="1"/>
						<line number="62" hits="0"/>
						<line number="70" hits="1"/>
						<line number="71" hits="1"/>
						<line number="72" hits="1"/>
						<line number="73" hits="1"/>
						<line number="74" hits="1"/>
						<line number="75" hits="1"/>
						<line number="76" hits="1"/>
						<line number="77" hits="1"/>
						<line number="78" hits="1"/>
						<line number="79" hits="1"/>
						<line number="80" hits="1"/>
						<line number="81" hits="1"/>
						<line number="82" hits="1"/>
						<line number="83" hits="1"/>
						<line number="84" hits="1"/>
						<line number="85" hits="1"/>
						<line number="86" hits="1"/>
						<line number="87" hits="1"/>
						<line number="88" hits="1"/>
						<line number="89" hits="1"/>
						<line number="90" hits="1"/>
						<line number="91" hits="1"/>
						<line number="94" hits="1"/>
						<line number="95" hits="1"/>
						<line number="96" hits="1"/>
						<line number="97" hits="1"/>
						<line number="98" hits="1"/>
						<line number="99" hits="1"/>
						<line number="100" hits="1"/>
						<line number="101" hits="1"/>
						<line number="102" hits="1"/>
						<line number="103" hits="1"/>
						<line number="104" hits="1"/>
						<line number="105" hits="1"/>
						<line number="108" hits="1"/>
						<line number="109" hits="1"/>
						<line number="110" hits="1"/>
						<line number="111" hits="1"/>
						<line number="112" hits="1"/>
						<line number="113" hits="1"/>
						<line number="114" hits="1"/>
						<line number="115" hits="1"/>
						<line number="116" hits="1"/>
						<line number="117" hits="1"/>
						<line number="118" hits="1"/>
						<line number="121" hits="1"/>
						<line number="122" hits="1"/>
						<line number="123" hits="1"/>
						<line number="124" hits="1"/>
						<line number="125" hits="1"/>
						<line number="126" hits="1"/>
						<line number="129" hits="1"/>
						<line number="130" hits="1"/>
						<line number="131" hits="1"/>
						<line number="132" hits="1"/>
						<line number="133" hits="1"/>
						<line number="134" hits="1"/>
						<line number="137" hits="1"/>
						<line number="138" hits="1"/>
						<line number="139" hits="1"/>
						<line number="140" hits="1"/>
						<line number="141" hits="1"/>
						<line number="142" hits="1"/>
						<line number="143" hits="1"/>
						<line number="145" hits="1"/>
						<line number="147" hits="0"/>
						<line number="166" hits="1"/>
						<line number="176" hits="0"/>
						<line number="178" hits="0"/>
						<line number="179" hits="0"/>
						<line number="180" hits="0"/>
						<line number="184" hits="0"/>
						<line number="185" hits="0"/>
						<line number="187" hits="0"/>
						<line number="194" hits="0"/>
						<line number="198" hits="0"/>
						<line number="202" hits="0"/>
						<line number="204" hits="0"/>
						<line number="205" hits="0"/>
						<line number="207" hits="0"/>
						<line number="208" hits="0"/>
						<line number="210" hits="0"/>
						<line number="212" hits="0"/>
						<line number="213" hits="0"/>
						<line number="214" hits="0"/>
						<line number="215" hits="0"/>
						<line number="216" hits="0"/>
						<line number="217" hits="0"/>
						<line number="220" hits="0"/>
						<line number="221" hits="0"/>
						<line number="223" hits="0"/>
						<line number="224" hits="0"/>
						<line number="225" hits="0"/>
						<line number="230" hits="0"/>
						<line number="231" hits="0"/>
						<line number="232" hits="0"/>
						<line number="233" hits="0"/>
						<line number="235" hits="0"/>
						<line number="236" hits="0"/>
						<line number="238" hits="0"/>
						<line number="239" hits="0"/>
						<line number="240" hits="0"/>
						<line number="242" hits="0"/>
						<line number="244" hits="0"/>
						<line number="245" hits="0"/>
						<line number="247" hits="0"/>
						<line number="254" hits="0"/>
						<line number="255" hits="0"/>
						<line number="258" hits="0"/>
						<line number="260" hits="0"/>
						<line number="261" hits="0"/>
						<line number="263" hits="0"/>
						<line number="264" hits="0"/>
						<line number="267" hits="0"/>
						<line number="271" hits="0"/>
						<line number="282" hits="0"/>
						<line number="289" hits="0"/>
						<line number="290" hits="0"/>
						<line number="291" hits="0"/>
						<line number="292" hits="0"/>
						<line number="293" hits="0"/>
						<line number="294" hits="0"/>
						<line number="295" hits="0"/>
						<line number="296" hits="0"/>
						<line number="298" hits="0"/>
						<line number="299" hits="0"/>
						<line number="300" hits="0"/>
						<line number="301" hits="0"/>
						<line number="302" hits="0"/>
						<line number="303" hits="0"/>
						<line number="304" hits="0"/>
						<line number="306" hits="0"/>
						<line number="320" hits="0"/>
						<line number="322" hits="0"/>
						<line number="351" hits="1"/>
						<line number="352" hits="1"/>
						<line number="353" hits="0"/>
						<line number="355" hits="1"/>
						<line number="362" hits="1"/>
						<line number="363" hits="1"/>
						<line number="364" hits="0"/>
						<line number="366" hits="1"/>
						<line number="367" hits="1"/>
						<line number="368" hits="1"/>
						<line number="369" hits="1"/>
						<line number="370" hits="1"/>
						<line number="371" hits="1"/>
						<line number="372" hits="1"/>
						<line number="373" hits="1"/>
						<line number="376" hits="1"/>
						<line number="383" hits="1"/>
						<line number="384" hits="1"/>
						<line number="385" hits="1"/>
						<line number="386" hits="1"/>
						<line number="388" hits="1"/>
						<line number="389" hits="1"/>
						<line number="390" hits="1"/>
						<line number="391" hits="1"/>
						<line number="392" hits="1"/>
						<line number="393" hits="1"/>
						<line number="394" hits="1"/>
						<line number="395" hits="1"/>
						<line number="396" hits="1"/>
						<line number="404" hits="0"/>
						<line number="406" hits="1"/>
						<line number="407" hits="1"/>
						<line number="409" hits="1"/>
						<line number="410" hits="1"/>
						<line number="411" hits="1"/>
						<line number="412" hits="1"/>
						<line number="420" hits="1"/>
						<line number="421" hits="1"/>
						<line number="429" hits="1"/>
						<line number="430" hits="1"/>
						<line number="431" hits="1"/>
						<line number="432" hits="1"/>
						<line number="433" hits="1"/>
						<line number="434" hits="1"/>
						<line number="435" hits="1"/>
						<line number="436" hits="1"/>
						<line number="443" hits="1"/>
						<line number="444" hits="1"/>
						<line number="446" hits="0"/>
						<line number="448" hits="1"/>
						<line number="449" hits="1"/>
						<line number="451" hits="0"/>
						<line number="453" hits="0"/>
						<line number="454" hits="0"/>
						<line number="455" hits="0"/>
						<line number="457" hits="1"/>
						<line number="458" hits="1"/>
						<line number="459" hits="1"/>
						<line number="460" hits="1"/>
						<line number="466" hits="1"/>
						<line number="467" hits="1"/>
						<line number="468" hits="1"/>
						<line number="469" hits="1"/>
						<line number="470" hits="1"/>
						<line number="472" hits="1"/>
						<line number="480" hits="1"/>
						<line number="481" hits="1"/>
						<line number="482" hits="1"/>
						<line number="483" hits="1"/>
						<line number="484" hits="1"/>
						<line number="485" hits="1"/>
						<line number="486" hits="0"/>
						<line number="487" hits="1"/>
						<line number="488" hits="1"/>
						<line number="489" hits="1"/>
						<line number="491" hits="1"/>
						<line number="492" hits="1"/>
						<line number="493" hits="1"/>
						<line number="494" hits="1"/>
						<line number="495" hits="1"/>
						<line number="497" hits="1"/>
						<line number="509" hits="1"/>
						<line number="511" hits="0"/>
						<line number="513" hits="1"/>
						<line number="515" hits="1"/>
						<line number="534" hits="1"/>
						<line number="542" hits="1"/>
						<line number="543" hits="1"/>
						<line number="544" hits="1"/>
						<line number="546" hits="1"/>
						<line number="547" hits="0"/>
						<line number="556" hits="1"/>
						<line number="557" hits="1"/>
						<line number="558" hits="1"/>
						<line number="560" hits="1"/>
						<line number="561" hits="1"/>
						<line number="562" hits="1"/>
						<line number="564" hits="1"/>
						<line number="565" hits="1"/>
						<line number="566" hits="1"/>
						<line number="568" hits="1"/>
						<line number="569" hits="1"/>
						<line number="571" hits="1"/>
						<line number="572" hits="1"/>
						<line number="573" hits="0"/>
						<line number="574" hits="1"/>
						<line number="575" hits="1"/>
						<line number="577" hits="0"/>
						<line number="579" hits="1"/>
						<line number="580" hits="1"/>
						<line number="582" hits="1"/>
						<line number="583" hits="1"/>
						<line number="584" hits="1"/>
						<line number="585" hits="1"/>
						<line number="586" hits="1"/>
						<line number="587" hits="1"/>
						<line number="588" hits="0"/>
						<line number="589" hits="1"/>
						<line number="590" hits="1"/>
						<line number="592" hits="1"/>
						<line number="593" hits="1"/>
						<line number="594" hits="1"/>
						<line number="596" hits="1"/>
						<line number="606" hits="1"/>
						<line number="608" hits="1"/>
						<line number="614" hits="1"/>
						<line number="632" hits="1"/>
						<line number="638" hits="0"/>
						<line number="639" hits="0"/>
						<line number="640" hits="0"/>
						<line number="641" hits="0"/>
						<line number="642" hits="0"/>
						<line number="644" hits="0"/>
						<line number="645" hits="0"/>
						<line number="652" hits="0"/>
						<line number="653" hits="0"/>
						<line number="654" hits="0"/>
						<line number="655" hits="0"/>
						<line number="656" hits="0"/>
						<line number="657" hits="0"/>
						<line number="659" hits="0"/>
						<line number="660" hits="0"/>
						<line number="662" hits="0"/>
						<line number="663" hits="0"/>
						<line number="664" hits="0"/>
						<line number="665" hits="0"/>
						<line number="666" hits="0"/>
						<line number="668" hits="0"/>
						<line number="669" hits="0"/>
						<line number="671" hits="0"/>
						<line number="672" hits="0"/>
						<line number="674" hits="0"/>
						<line number="675" hits="0"/>
						<line number="676" hits="0"/>
						<line number="678" hits="0"/>
						<line number="691" hits="1"/>
						<line number="701" hits="0"/>
						<line number="702" hits="0"/>
						<line number="703" hits="0"/>
						<line number="705" hits="0"/>
						<line number="706" hits="0"/>
						<line number="713" hits="0"/>
						<line number="714" hits="0"/>
						<line number="715" hits="0"/>
						<line number="717" hits="0"/>
						<line number="718" hits="0"/>
						<line number="719" hits="0"/>
						<line number="721" hits="0"/>
						<line number="722" hits="0"/>
						<line number="723" hits="0"/>
						<line number="725" hits="0"/>
						<line number="726" hits="0"/>
						<line number="728" hits="0"/>
						<line number="729" hits="0"/>
						<line number="731" hits="0"/>
						<line number="733" hits="0"/>
						<line number="746" hits="1"/>
						<line number="747" hits="1"/>
						<line number="748" hits="1"/>
						<line number="749" hits="1"/>
						<line number="750" hits="1"/>
						<line number="751" hits="1"/>
						<line number="752" hits="1"/>
						<line number="753" hits="1"/>
						<line number="754" hits="1"/>
						<line number="755" hits="1"/>
						<line number="758" hits="1"/>
						<line number="761" hits="0"/>
						<line number="768" hits="0"/>
						<line number="774" hits="0"/>
						<line number="779" hits="0"/>
						<line number="784" hits="0"/>
						<line number="789" hits="0"/>
						<line number="798" hits="1"/>
					</lines>
				</class>
			</classes>
		</package>
	</packages>
</coverage>
